<?xml version="1.0" encoding="UTF-8"?>
<testng-results ignored="0" total="1" passed="1" failed="0" skipped="0">
  <reporter-output>
  </reporter-output>
  <suite started-at="2024-08-14T01:24:18 IST" name="Default suite" finished-at="2024-08-14T01:24:20 IST" duration-ms="1899">
    <groups>
    </groups>
    <test started-at="2024-08-14T01:24:18 IST" name="Default test" finished-at="2024-08-14T01:24:20 IST" duration-ms="1899">
      <class name="apiAutomationMorningBatch.HeaderResponse">
        <test-method signature="t1()[pri:0, instance:apiAutomationMorningBatch.HeaderResponse@73700b80]" started-at="2024-08-14T01:24:18 IST" name="t1" finished-at="2024-08-14T01:24:20 IST" duration-ms="1854" status="PASS">
          <reporter-output>
          </reporter-output>
        </test-method> <!-- t1 -->
      </class> <!-- apiAutomationMorningBatch.HeaderResponse -->
    </test> <!-- Default test -->
  </suite> <!-- Default suite -->
</testng-results>
